<?xml version="1.0" encoding="UTF-8"?>
<!-- Generated by org.testng.reporters.JUnitReportReporter -->
<testsuite skipped="0" hostname="DESKTOP-PTK9AB3" name="TestRunner" tests="2" failures="0" timestamp="2023-03-15T23:49:50 EDT" time="15.109" errors="0">
  <testcase name="runScenario" time="10.834" classname="TestRunner"/>
  <system-out/>
  <testcase name="runScenario" time="4.275" classname="TestRunner"/>
  <system-out/>
</testsuite> <!-- TestRunner -->
