<?xml version="1.0" encoding="UTF-8"?>
<!-- Generated by org.testng.reporters.JUnitReportReporter -->
<testsuite hostname="DESKTOP-PTK9AB3" failures="0" tests="1" name="TestRunner" time="0.297" errors="1" timestamp="2023-04-01T10:58:29 EDT" skipped="0">
  <testcase classname="TestRunner" name="setUpClass" time="0.297">
    <error message="Failed to parse resource at: file:///C:/Users/panka/git/CBDD_sp8/src/test/java/features/signup.feature
(3:3): expected: #TagLine, #RuleLine, #Comment, #Empty, got &#039;Scenario : User should be able to create a new account&#039;
(4:5): expected: #TagLine, #RuleLine, #Comment, #Empty, got &#039;Given user should be on TalentTEK homepage&#039;
(5:5): expected: #TagLine, #RuleLine, #Comment, #Empty, got &#039;And User click on the &quot;Create new account&quot; button&#039;
(6:5): expected: #TagLine, #RuleLine, #Comment, #Empty, got &#039;And User enter First and last name&#039;
(7:5): expected: #TagLine, #RuleLine, #Comment, #Empty, got &#039;And User enter email address&#039;
(8:5): expected: #TagLine, #RuleLine, #Comment, #Empty, got &#039;And User enter Password and Confirm password&#039;
(9:5): expected: #TagLine, #RuleLine, #Comment, #Empty, got &#039;And User enter month under Birthdate&#039;
(10:5): expected: #TagLine, #RuleLine, #Comment, #Empty, got &#039;And User enter date under Birthdate&#039;
(11:5): expected: #TagLine, #RuleLine, #Comment, #Empty, got &#039;And User enter year under Birthdate&#039;
(12:5): expected: #TagLine, #RuleLine, #Comment, #Empty, got &#039;And User select Gender as &quot;female&quot;&#039;
(13:5): expected: #TagLine, #RuleLine, #Comment, #Empty, got &#039;And User select to agree term and condition checkbox&#039;" type="io.cucumber.core.gherkin.FeatureParserException">
      <![CDATA[io.cucumber.core.gherkin.FeatureParserException: Failed to parse resource at: file:///C:/Users/panka/git/CBDD_sp8/src/test/java/features/signup.feature
(3:3): expected: #TagLine, #RuleLine, #Comment, #Empty, got 'Scenario : User should be able to create a new account'
(4:5): expected: #TagLine, #RuleLine, #Comment, #Empty, got 'Given user should be on TalentTEK homepage'
(5:5): expected: #TagLine, #RuleLine, #Comment, #Empty, got 'And User click on the "Create new account" button'
(6:5): expected: #TagLine, #RuleLine, #Comment, #Empty, got 'And User enter First and last name'
(7:5): expected: #TagLine, #RuleLine, #Comment, #Empty, got 'And User enter email address'
(8:5): expected: #TagLine, #RuleLine, #Comment, #Empty, got 'And User enter Password and Confirm password'
(9:5): expected: #TagLine, #RuleLine, #Comment, #Empty, got 'And User enter month under Birthdate'
(10:5): expected: #TagLine, #RuleLine, #Comment, #Empty, got 'And User enter date under Birthdate'
(11:5): expected: #TagLine, #RuleLine, #Comment, #Empty, got 'And User enter year under Birthdate'
(12:5): expected: #TagLine, #RuleLine, #Comment, #Empty, got 'And User select Gender as "female"'
(13:5): expected: #TagLine, #RuleLine, #Comment, #Empty, got 'And User select to agree term and condition checkbox'
at io.cucumber.core.gherkin.messages.GherkinMessagesFeatureParser.parse(GherkinMessagesFeatureParser.java:56)
at io.cucumber.core.feature.FeatureParser.parseResource(FeatureParser.java:46)
at java.base/java.util.function.BiFunction.lambda$andThen$0(BiFunction.java:70)
at io.cucumber.core.resource.ResourceScanner.lambda$processResource$1(ResourceScanner.java:79)
at io.cucumber.core.resource.PathScanner$ResourceFileVisitor.visitFile(PathScanner.java:75)
at io.cucumber.core.resource.PathScanner$ResourceFileVisitor.visitFile(PathScanner.java:60)
at java.base/java.nio.file.Files.walkFileTree(Files.java:2811)
at io.cucumber.core.resource.PathScanner.findResourcesForPath(PathScanner.java:53)
at io.cucumber.core.resource.PathScanner.findResourcesForUri(PathScanner.java:31)
at io.cucumber.core.resource.ResourceScanner.findResourcesForUri(ResourceScanner.java:61)
at io.cucumber.core.resource.ResourceScanner.scanForResourcesUri(ResourceScanner.java:134)
at io.cucumber.core.runtime.FeaturePathFeatureSupplier.loadFeatures(FeaturePathFeatureSupplier.java:62)
at io.cucumber.core.runtime.FeaturePathFeatureSupplier.get(FeaturePathFeatureSupplier.java:45)
at io.cucumber.testng.TestNGCucumberRunner.<init>(TestNGCucumberRunner.java:122)
at io.cucumber.testng.AbstractTestNGCucumberTests.setUpClass(AbstractTestNGCucumberTests.java:27)
at java.base/jdk.internal.reflect.NativeMethodAccessorImpl.invoke0(Native Method)
at java.base/jdk.internal.reflect.NativeMethodAccessorImpl.invoke(NativeMethodAccessorImpl.java:77)
at java.base/jdk.internal.reflect.DelegatingMethodAccessorImpl.invoke(DelegatingMethodAccessorImpl.java:43)
at java.base/java.lang.reflect.Method.invoke(Method.java:568)
at org.testng.internal.invokers.MethodInvocationHelper.invokeMethod(MethodInvocationHelper.java:139)
at org.testng.internal.invokers.MethodInvocationHelper.invokeMethodConsideringTimeout(MethodInvocationHelper.java:69)
at org.testng.internal.invokers.ConfigInvoker.invokeConfigurationMethod(ConfigInvoker.java:361)
at org.testng.internal.invokers.ConfigInvoker.invokeConfigurations(ConfigInvoker.java:296)
at org.testng.internal.invokers.TestMethodWorker.invokeBeforeClassMethods(TestMethodWorker.java:180)
at org.testng.internal.invokers.TestMethodWorker.run(TestMethodWorker.java:122)
at java.base/java.util.concurrent.ThreadPoolExecutor.runWorker(ThreadPoolExecutor.java:1136)
at java.base/java.util.concurrent.ThreadPoolExecutor$Worker.run(ThreadPoolExecutor.java:635)
at java.base/java.lang.Thread.run(Thread.java:833)
]]>
    </error>
  </testcase> <!-- setUpClass -->
  <system-out/>
</testsuite> <!-- TestRunner -->
